Start testing: Nov 28 23:04 GMT
----------------------------------------------------------
1/1 Testing: test_allocate_leaf
1/1 Test: test_allocate_leaf
Command: "/home/bradlinux/Projects/rope/build/bin/test_allocate_leaf.bin"
Directory: /home/bradlinux/Projects/rope/build
"test_allocate_leaf" start time: Nov 28 23:04 GMT
Output:
----------------------------------------------------------
<end of output>
Test time =   0.00 sec
----------------------------------------------------------
Test Passed.
"test_allocate_leaf" end time: Nov 28 23:04 GMT
"test_allocate_leaf" time elapsed: 00:00:00
----------------------------------------------------------

End testing: Nov 28 23:04 GMT
